# JRE version: Java(TM) SE Runtime Environment (8.0_241-b07) (build 1.8.0_241-b07)
# Java VM: Java HotSpot(TM) 64-Bit Server VM (25.241-b07 mixed mode windows-amd64 compressed oops)
Heap:
 PSYoungGen      total 211968K, used 115642K [0x00000000d5f80000, 0x00000000e7c80000, 0x0000000100000000)
  eden space 198656K, 51% used [0x00000000d5f80000,0x00000000dc371ac8,0x00000000e2180000)
  from space 13312K, 99% used [0x00000000e6f80000,0x00000000e7c7cff0,0x00000000e7c80000)
  to   space 25088K, 0% used [0x00000000e4b80000,0x00000000e4b80000,0x00000000e6400000)
 ParOldGen       total 74240K, used 41668K [0x0000000081e00000, 0x0000000086680000, 0x00000000d5f80000)
  object space 74240K, 56% used [0x0000000081e00000,0x00000000846b1040,0x0000000086680000)
 Metaspace       used 30276K, capacity 31142K, committed 31360K, reserved 1077248K
  class space    used 3607K, capacity 3888K, committed 3968K, reserved 1048576K
GC Heap History (10 events):
Event: 6.105 GC heap before
{Heap before GC invocations=5 (full 0):
 PSYoungGen      total 71680K, used 71648K [0x00000000d5f80000, 0x00000000daa80000, 0x0000000100000000)
  eden space 66560K, 100% used [0x00000000d5f80000,0x00000000da080000,0x00000000da080000)
  from space 5120K, 99% used [0x00000000da580000,0x00000000daa78020,0x00000000daa80000)
  to   space 5120K, 0% used [0x00000000da080000,0x00000000da080000,0x00000000da580000)
 ParOldGen       total 87552K, used 6292K [0x0000000081e00000, 0x0000000087380000, 0x00000000d5f80000)
  object space 87552K, 7% used [0x0000000081e00000,0x0000000082425178,0x0000000087380000)
 Metaspace       used 16073K, capacity 16376K, committed 16640K, reserved 1064960K
  class space    used 1917K, capacity 2019K, committed 2048K, reserved 1048576K
Event: 6.133 GC heap after
Heap after GC invocations=5 (full 0):
 PSYoungGen      total 71680K, used 5120K [0x00000000d5f80000, 0x00000000df980000, 0x0000000100000000)
  eden space 66560K, 0% used [0x00000000d5f80000,0x00000000d5f80000,0x00000000da080000)
  from space 5120K, 100% used [0x00000000da080000,0x00000000da580000,0x00000000da580000)
  to   space 12288K, 0% used [0x00000000ded80000,0x00000000ded80000,0x00000000df980000)
 ParOldGen       total 87552K, used 12364K [0x0000000081e00000, 0x0000000087380000, 0x00000000d5f80000)
  object space 87552K, 14% used [0x0000000081e00000,0x0000000082a13260,0x0000000087380000)
 Metaspace       used 16073K, capacity 16376K, committed 16640K, reserved 1064960K
  class space    used 1917K, capacity 2019K, committed 2048K, reserved 1048576K
}
Event: 8.182 GC heap before
{Heap before GC invocations=6 (full 0):
 PSYoungGen      total 71680K, used 71680K [0x00000000d5f80000, 0x00000000df980000, 0x0000000100000000)
  eden space 66560K, 100% used [0x00000000d5f80000,0x00000000da080000,0x00000000da080000)
  from space 5120K, 100% used [0x00000000da080000,0x00000000da580000,0x00000000da580000)
  to   space 12288K, 0% used [0x00000000ded80000,0x00000000ded80000,0x00000000df980000)
 ParOldGen       total 87552K, used 12364K [0x0000000081e00000, 0x0000000087380000, 0x00000000d5f80000)
  object space 87552K, 14% used [0x0000000081e00000,0x0000000082a13260,0x0000000087380000)
 Metaspace       used 17312K, capacity 17708K, committed 17792K, reserved 1064960K
  class space    used 2032K, capacity 2159K, committed 2176K, reserved 1048576K
Event: 8.198 GC heap after
Heap after GC invocations=6 (full 0):
 PSYoungGen      total 144896K, used 10153K [0x00000000d5f80000, 0x00000000dfa80000, 0x0000000100000000)
  eden space 132608K, 0% used [0x00000000d5f80000,0x00000000d5f80000,0x00000000de100000)
  from space 12288K, 82% used [0x00000000ded80000,0x00000000df76a5c0,0x00000000df980000)
  to   space 12800K, 0% used [0x00000000de100000,0x00000000de100000,0x00000000ded80000)
 ParOldGen       total 87552K, used 12372K [0x0000000081e00000, 0x0000000087380000, 0x00000000d5f80000)
  object space 87552K, 14% used [0x0000000081e00000,0x0000000082a15260,0x0000000087380000)
 Metaspace       used 17312K, capacity 17708K, committed 17792K, reserved 1064960K
  class space    used 2032K, capacity 2159K, committed 2176K, reserved 1048576K
}
Event: 9.210 GC heap before
{Heap before GC invocations=7 (full 0):
 PSYoungGen      total 144896K, used 47449K [0x00000000d5f80000, 0x00000000dfa80000, 0x0000000100000000)
  eden space 132608K, 28% used [0x00000000d5f80000,0x00000000d83ec008,0x00000000de100000)
  from space 12288K, 82% used [0x00000000ded80000,0x00000000df76a5c0,0x00000000df980000)
  to   space 12800K, 0% used [0x00000000de100000,0x00000000de100000,0x00000000ded80000)
 ParOldGen       total 87552K, used 12372K [0x0000000081e00000, 0x0000000087380000, 0x00000000d5f80000)
  object space 87552K, 14% used [0x0000000081e00000,0x0000000082a15260,0x0000000087380000)
 Metaspace       used 20622K, capacity 21106K, committed 21296K, reserved 1069056K
  class space    used 2456K, capacity 2592K, committed 2688K, reserved 1048576K
Event: 9.236 GC heap after
Heap after GC invocations=7 (full 0):
 PSYoungGen      total 145408K, used 9927K [0x00000000d5f80000, 0x00000000e7c80000, 0x0000000100000000)
  eden space 132608K, 0% used [0x00000000d5f80000,0x00000000d5f80000,0x00000000de100000)
  from space 12800K, 77% used [0x00000000de100000,0x00000000deab1f58,0x00000000ded80000)
  to   space 13312K, 0% used [0x00000000e6f80000,0x00000000e6f80000,0x00000000e7c80000)
 ParOldGen       total 87552K, used 13744K [0x0000000081e00000, 0x0000000087380000, 0x00000000d5f80000)
  object space 87552K, 15% used [0x0000000081e00000,0x0000000082b6c300,0x0000000087380000)
 Metaspace       used 20622K, capacity 21106K, committed 21296K, reserved 1069056K
  class space    used 2456K, capacity 2592K, committed 2688K, reserved 1048576K
}
Event: 9.236 GC heap before
{Heap before GC invocations=8 (full 1):
 PSYoungGen      total 145408K, used 9927K [0x00000000d5f80000, 0x00000000e7c80000, 0x0000000100000000)
  eden space 132608K, 0% used [0x00000000d5f80000,0x00000000d5f80000,0x00000000de100000)
  from space 12800K, 77% used [0x00000000de100000,0x00000000deab1f58,0x00000000ded80000)
  to   space 13312K, 0% used [0x00000000e6f80000,0x00000000e6f80000,0x00000000e7c80000)
 ParOldGen       total 87552K, used 13744K [0x0000000081e00000, 0x0000000087380000, 0x00000000d5f80000)
  object space 87552K, 15% used [0x0000000081e00000,0x0000000082b6c300,0x0000000087380000)
 Metaspace       used 20622K, capacity 21106K, committed 21296K, reserved 1069056K
  class space    used 2456K, capacity 2592K, committed 2688K, reserved 1048576K
Event: 9.371 GC heap after
Heap after GC invocations=8 (full 1):
 PSYoungGen      total 145408K, used 0K [0x00000000d5f80000, 0x00000000e7c80000, 0x0000000100000000)
  eden space 132608K, 0% used [0x00000000d5f80000,0x00000000d5f80000,0x00000000de100000)
  from space 12800K, 0% used [0x00000000de100000,0x00000000de100000,0x00000000ded80000)
  to   space 13312K, 0% used [0x00000000e6f80000,0x00000000e6f80000,0x00000000e7c80000)
 ParOldGen       total 74240K, used 18980K [0x0000000081e00000, 0x0000000086680000, 0x00000000d5f80000)
  object space 74240K, 25% used [0x0000000081e00000,0x00000000830893a8,0x0000000086680000)
 Metaspace       used 20622K, capacity 21106K, committed 21296K, reserved 1069056K
  class space    used 2456K, capacity 2592K, committed 2688K, reserved 1048576K
}
Event: 14.646 GC heap before
{Heap before GC invocations=9 (full 1):
 PSYoungGen      total 145408K, used 132369K [0x00000000d5f80000, 0x00000000e7c80000, 0x0000000100000000)
  eden space 132608K, 99% used [0x00000000d5f80000,0x00000000de0c4738,0x00000000de100000)
  from space 12800K, 0% used [0x00000000de100000,0x00000000de100000,0x00000000ded80000)
  to   space 13312K, 0% used [0x00000000e6f80000,0x00000000e6f80000,0x00000000e7c80000)
 ParOldGen       total 74240K, used 18980K [0x0000000081e00000, 0x0000000086680000, 0x00000000d5f80000)
  object space 74240K, 25% used [0x0000000081e00000,0x00000000830893a8,0x0000000086680000)
 Metaspace       used 28069K, capacity 28782K, committed 28928K, reserved 1075200K
  class space    used 3302K, capacity 3506K, committed 3584K, reserved 1048576K
Event: 14.674 GC heap after
Heap after GC invocations=9 (full 1):
 PSYoungGen      total 211968K, used 13299K [0x00000000d5f80000, 0x00000000e7c80000, 0x0000000100000000)
  eden space 198656K, 0% used [0x00000000d5f80000,0x00000000d5f80000,0x00000000e2180000)
  from space 13312K, 99% used [0x00000000e6f80000,0x00000000e7c7cff0,0x00000000e7c80000)
  to   space 25088K, 0% used [0x00000000e4b80000,0x00000000e4b80000,0x00000000e6400000)
 ParOldGen       total 74240K, used 41668K [0x0000000081e00000, 0x0000000086680000, 0x00000000d5f80000)
  object space 74240K, 56% used [0x0000000081e00000,0x00000000846b1040,0x0000000086680000)
 Metaspace       used 28069K, capacity 28782K, committed 28928K, reserved 1075200K
  class space    used 3302K, capacity 3506K, committed 3584K, reserved 1048576K
}

