# JRE version: Java(TM) SE Runtime Environment (8.0_241-b07) (build 1.8.0_241-b07)
# Java VM: Java HotSpot(TM) 64-Bit Server VM (25.241-b07 mixed mode windows-amd64 compressed oops)
Heap:
 PSYoungGen      total 113152K, used 60641K [0x00000000d5f80000, 0x00000000dd800000, 0x0000000100000000)
  eden space 103936K, 50% used [0x00000000d5f80000,0x00000000d92f37a0,0x00000000dc500000)
  from space 9216K, 86% used [0x00000000dcf00000,0x00000000dd6c4eb8,0x00000000dd800000)
  to   space 9728K, 0% used [0x00000000dc500000,0x00000000dc500000,0x00000000dce80000)
 ParOldGen       total 56832K, used 9680K [0x0000000081e00000, 0x0000000085580000, 0x00000000d5f80000)
  object space 56832K, 17% used [0x0000000081e00000,0x0000000082774118,0x0000000085580000)
 Metaspace       used 31194K, capacity 33538K, committed 33920K, reserved 1079296K
  class space    used 4208K, capacity 4629K, committed 4736K, reserved 1048576K
GC Heap History (10 events):
Event: 3.353 GC heap before
{Heap before GC invocations=3 (full 0):
 PSYoungGen      total 38400K, used 38372K [0x00000000d5f80000, 0x00000000d8a00000, 0x0000000100000000)
  eden space 33280K, 100% used [0x00000000d5f80000,0x00000000d8000000,0x00000000d8000000)
  from space 5120K, 99% used [0x00000000d8500000,0x00000000d89f9390,0x00000000d8a00000)
  to   space 5120K, 0% used [0x00000000d8000000,0x00000000d8000000,0x00000000d8500000)
 ParOldGen       total 87552K, used 826K [0x0000000081e00000, 0x0000000087380000, 0x00000000d5f80000)
  object space 87552K, 0% used [0x0000000081e00000,0x0000000081ece848,0x0000000087380000)
 Metaspace       used 18032K, capacity 19126K, committed 19328K, reserved 1067008K
  class space    used 2400K, capacity 2627K, committed 2688K, reserved 1048576K
Event: 3.365 GC heap after
Heap after GC invocations=3 (full 0):
 PSYoungGen      total 38400K, used 5093K [0x00000000d5f80000, 0x00000000daa80000, 0x0000000100000000)
  eden space 33280K, 0% used [0x00000000d5f80000,0x00000000d5f80000,0x00000000d8000000)
  from space 5120K, 99% used [0x00000000d8000000,0x00000000d84f9678,0x00000000d8500000)
  to   space 5120K, 0% used [0x00000000da580000,0x00000000da580000,0x00000000daa80000)
 ParOldGen       total 87552K, used 2827K [0x0000000081e00000, 0x0000000087380000, 0x00000000d5f80000)
  object space 87552K, 3% used [0x0000000081e00000,0x00000000820c2fc8,0x0000000087380000)
 Metaspace       used 18032K, capacity 19126K, committed 19328K, reserved 1067008K
  class space    used 2400K, capacity 2627K, committed 2688K, reserved 1048576K
}
Event: 3.633 GC heap before
{Heap before GC invocations=4 (full 0):
 PSYoungGen      total 38400K, used 25267K [0x00000000d5f80000, 0x00000000daa80000, 0x0000000100000000)
  eden space 33280K, 60% used [0x00000000d5f80000,0x00000000d7333838,0x00000000d8000000)
  from space 5120K, 99% used [0x00000000d8000000,0x00000000d84f9678,0x00000000d8500000)
  to   space 5120K, 0% used [0x00000000da580000,0x00000000da580000,0x00000000daa80000)
 ParOldGen       total 87552K, used 2827K [0x0000000081e00000, 0x0000000087380000, 0x00000000d5f80000)
  object space 87552K, 3% used [0x0000000081e00000,0x00000000820c2fc8,0x0000000087380000)
 Metaspace       used 19876K, capacity 21068K, committed 21248K, reserved 1067008K
  class space    used 2707K, capacity 2948K, committed 3072K, reserved 1048576K
Event: 3.640 GC heap after
Heap after GC invocations=4 (full 0):
 PSYoungGen      total 71680K, used 5098K [0x00000000d5f80000, 0x00000000daa80000, 0x0000000100000000)
  eden space 66560K, 0% used [0x00000000d5f80000,0x00000000d5f80000,0x00000000da080000)
  from space 5120K, 99% used [0x00000000da580000,0x00000000daa7a858,0x00000000daa80000)
  to   space 5120K, 0% used [0x00000000da080000,0x00000000da080000,0x00000000da580000)
 ParOldGen       total 87552K, used 4247K [0x0000000081e00000, 0x0000000087380000, 0x00000000d5f80000)
  object space 87552K, 4% used [0x0000000081e00000,0x0000000082225f18,0x0000000087380000)
 Metaspace       used 19876K, capacity 21068K, committed 21248K, reserved 1067008K
  class space    used 2707K, capacity 2948K, committed 3072K, reserved 1048576K
}
Event: 3.640 GC heap before
{Heap before GC invocations=5 (full 1):
 PSYoungGen      total 71680K, used 5098K [0x00000000d5f80000, 0x00000000daa80000, 0x0000000100000000)
  eden space 66560K, 0% used [0x00000000d5f80000,0x00000000d5f80000,0x00000000da080000)
  from space 5120K, 99% used [0x00000000da580000,0x00000000daa7a858,0x00000000daa80000)
  to   space 5120K, 0% used [0x00000000da080000,0x00000000da080000,0x00000000da580000)
 ParOldGen       total 87552K, used 4247K [0x0000000081e00000, 0x0000000087380000, 0x00000000d5f80000)
  object space 87552K, 4% used [0x0000000081e00000,0x0000000082225f18,0x0000000087380000)
 Metaspace       used 19876K, capacity 21068K, committed 21248K, reserved 1067008K
  class space    used 2707K, capacity 2948K, committed 3072K, reserved 1048576K
Event: 3.677 GC heap after
Heap after GC invocations=5 (full 1):
 PSYoungGen      total 71680K, used 0K [0x00000000d5f80000, 0x00000000daa80000, 0x0000000100000000)
  eden space 66560K, 0% used [0x00000000d5f80000,0x00000000d5f80000,0x00000000da080000)
  from space 5120K, 0% used [0x00000000da580000,0x00000000da580000,0x00000000daa80000)
  to   space 5120K, 0% used [0x00000000da080000,0x00000000da080000,0x00000000da580000)
 ParOldGen       total 56832K, used 6328K [0x0000000081e00000, 0x0000000085580000, 0x00000000d5f80000)
  object space 56832K, 11% used [0x0000000081e00000,0x000000008242e138,0x0000000085580000)
 Metaspace       used 19876K, capacity 21068K, committed 21248K, reserved 1067008K
  class space    used 2707K, capacity 2948K, committed 3072K, reserved 1048576K
}
Event: 5.134 GC heap before
{Heap before GC invocations=6 (full 1):
 PSYoungGen      total 71680K, used 66560K [0x00000000d5f80000, 0x00000000daa80000, 0x0000000100000000)
  eden space 66560K, 100% used [0x00000000d5f80000,0x00000000da080000,0x00000000da080000)
  from space 5120K, 0% used [0x00000000da580000,0x00000000da580000,0x00000000daa80000)
  to   space 5120K, 0% used [0x00000000da080000,0x00000000da080000,0x00000000da580000)
 ParOldGen       total 56832K, used 6328K [0x0000000081e00000, 0x0000000085580000, 0x00000000d5f80000)
  object space 56832K, 11% used [0x0000000081e00000,0x000000008242e138,0x0000000085580000)
 Metaspace       used 25962K, capacity 27472K, committed 27648K, reserved 1073152K
  class space    used 3469K, capacity 3798K, committed 3840K, reserved 1048576K
Event: 5.152 GC heap after
Heap after GC invocations=6 (full 1):
 PSYoungGen      total 71680K, used 5107K [0x00000000d5f80000, 0x00000000dd800000, 0x0000000100000000)
  eden space 66560K, 0% used [0x00000000d5f80000,0x00000000d5f80000,0x00000000da080000)
  from space 5120K, 99% used [0x00000000da080000,0x00000000da57cdc0,0x00000000da580000)
  to   space 9216K, 0% used [0x00000000dcf00000,0x00000000dcf00000,0x00000000dd800000)
 ParOldGen       total 56832K, used 9680K [0x0000000081e00000, 0x0000000085580000, 0x00000000d5f80000)
  object space 56832K, 17% used [0x0000000081e00000,0x0000000082774118,0x0000000085580000)
 Metaspace       used 25962K, capacity 27472K, committed 27648K, reserved 1073152K
  class space    used 3469K, capacity 3798K, committed 3840K, reserved 1048576K
}
Event: 6.937 GC heap before
{Heap before GC invocations=7 (full 1):
 PSYoungGen      total 71680K, used 71667K [0x00000000d5f80000, 0x00000000dd800000, 0x0000000100000000)
  eden space 66560K, 100% used [0x00000000d5f80000,0x00000000da080000,0x00000000da080000)
  from space 5120K, 99% used [0x00000000da080000,0x00000000da57cdc0,0x00000000da580000)
  to   space 9216K, 0% used [0x00000000dcf00000,0x00000000dcf00000,0x00000000dd800000)
 ParOldGen       total 56832K, used 9680K [0x0000000081e00000, 0x0000000085580000, 0x00000000d5f80000)
  object space 56832K, 17% used [0x0000000081e00000,0x0000000082774118,0x0000000085580000)
 Metaspace       used 29664K, capacity 31742K, committed 31872K, reserved 1077248K
  class space    used 3989K, capacity 4385K, committed 4480K, reserved 1048576K
Event: 6.956 GC heap after
Heap after GC invocations=7 (full 1):
 PSYoungGen      total 113152K, used 7955K [0x00000000d5f80000, 0x00000000dd800000, 0x0000000100000000)
  eden space 103936K, 0% used [0x00000000d5f80000,0x00000000d5f80000,0x00000000dc500000)
  from space 9216K, 86% used [0x00000000dcf00000,0x00000000dd6c4eb8,0x00000000dd800000)
  to   space 9728K, 0% used [0x00000000dc500000,0x00000000dc500000,0x00000000dce80000)
 ParOldGen       total 56832K, used 9680K [0x0000000081e00000, 0x0000000085580000, 0x00000000d5f80000)
  object space 56832K, 17% used [0x0000000081e00000,0x0000000082774118,0x0000000085580000)
 Metaspace       used 29664K, capacity 31742K, committed 31872K, reserved 1077248K
  class space    used 3989K, capacity 4385K, committed 4480K, reserved 1048576K
}

