# JRE version: Java(TM) SE Runtime Environment (8.0_241-b07) (build 1.8.0_241-b07)
# Java VM: Java HotSpot(TM) 64-Bit Server VM (25.241-b07 mixed mode windows-amd64 compressed oops)
Heap:
 PSYoungGen      total 38400K, used 12208K [0x00000000d5f80000, 0x00000000d9f80000, 0x0000000100000000)
  eden space 33280K, 22% used [0x00000000d5f80000,0x00000000d66b3010,0x00000000d8000000)
  from space 5120K, 94% used [0x00000000d8000000,0x00000000d84b92c0,0x00000000d8500000)
  to   space 8192K, 0% used [0x00000000d9780000,0x00000000d9780000,0x00000000d9f80000)
 ParOldGen       total 59904K, used 6687K [0x0000000081e00000, 0x0000000085880000, 0x00000000d5f80000)
  object space 59904K, 11% used [0x0000000081e00000,0x0000000082487df0,0x0000000085880000)
 Metaspace       used 24349K, capacity 25706K, committed 25856K, reserved 1071104K
  class space    used 3244K, capacity 3541K, committed 3584K, reserved 1048576K
GC Heap History (10 events):
Event: 2.569 GC heap before
{Heap before GC invocations=2 (full 0):
 PSYoungGen      total 38400K, used 38266K [0x00000000d5f80000, 0x00000000d8a00000, 0x0000000100000000)
  eden space 33280K, 100% used [0x00000000d5f80000,0x00000000d8000000,0x00000000d8000000)
  from space 5120K, 97% used [0x00000000d8000000,0x00000000d84debc8,0x00000000d8500000)
  to   space 5120K, 0% used [0x00000000d8500000,0x00000000d8500000,0x00000000d8a00000)
 ParOldGen       total 87552K, used 16K [0x0000000081e00000, 0x0000000087380000, 0x00000000d5f80000)
  object space 87552K, 0% used [0x0000000081e00000,0x0000000081e04000,0x0000000087380000)
 Metaspace       used 14193K, capacity 15232K, committed 15360K, reserved 1062912K
  class space    used 1800K, capacity 2006K, committed 2048K, reserved 1048576K
Event: 2.578 GC heap after
Heap after GC invocations=2 (full 0):
 PSYoungGen      total 38400K, used 5090K [0x00000000d5f80000, 0x00000000d8a00000, 0x0000000100000000)
  eden space 33280K, 0% used [0x00000000d5f80000,0x00000000d5f80000,0x00000000d8000000)
  from space 5120K, 99% used [0x00000000d8500000,0x00000000d89f8a78,0x00000000d8a00000)
  to   space 5120K, 0% used [0x00000000d8000000,0x00000000d8000000,0x00000000d8500000)
 ParOldGen       total 87552K, used 772K [0x0000000081e00000, 0x0000000087380000, 0x00000000d5f80000)
  object space 87552K, 0% used [0x0000000081e00000,0x0000000081ec1058,0x0000000087380000)
 Metaspace       used 14193K, capacity 15232K, committed 15360K, reserved 1062912K
  class space    used 1800K, capacity 2006K, committed 2048K, reserved 1048576K
}
Event: 3.272 GC heap before
{Heap before GC invocations=3 (full 0):
 PSYoungGen      total 38400K, used 38370K [0x00000000d5f80000, 0x00000000d8a00000, 0x0000000100000000)
  eden space 33280K, 100% used [0x00000000d5f80000,0x00000000d8000000,0x00000000d8000000)
  from space 5120K, 99% used [0x00000000d8500000,0x00000000d89f8a78,0x00000000d8a00000)
  to   space 5120K, 0% used [0x00000000d8000000,0x00000000d8000000,0x00000000d8500000)
 ParOldGen       total 87552K, used 772K [0x0000000081e00000, 0x0000000087380000, 0x00000000d5f80000)
  object space 87552K, 0% used [0x0000000081e00000,0x0000000081ec1058,0x0000000087380000)
 Metaspace       used 17840K, capacity 18956K, committed 19072K, reserved 1064960K
  class space    used 2387K, capacity 2644K, committed 2688K, reserved 1048576K
Event: 3.283 GC heap after
Heap after GC invocations=3 (full 0):
 PSYoungGen      total 38400K, used 5106K [0x00000000d5f80000, 0x00000000d8a00000, 0x0000000100000000)
  eden space 33280K, 0% used [0x00000000d5f80000,0x00000000d5f80000,0x00000000d8000000)
  from space 5120K, 99% used [0x00000000d8000000,0x00000000d84fc8f0,0x00000000d8500000)
  to   space 5120K, 0% used [0x00000000d8500000,0x00000000d8500000,0x00000000d8a00000)
 ParOldGen       total 87552K, used 2606K [0x0000000081e00000, 0x0000000087380000, 0x00000000d5f80000)
  object space 87552K, 2% used [0x0000000081e00000,0x000000008208bb08,0x0000000087380000)
 Metaspace       used 17840K, capacity 18956K, committed 19072K, reserved 1064960K
  class space    used 2387K, capacity 2644K, committed 2688K, reserved 1048576K
}
Event: 3.730 GC heap before
{Heap before GC invocations=4 (full 0):
 PSYoungGen      total 38400K, used 28049K [0x00000000d5f80000, 0x00000000d8a00000, 0x0000000100000000)
  eden space 33280K, 68% used [0x00000000d5f80000,0x00000000d75e7c08,0x00000000d8000000)
  from space 5120K, 99% used [0x00000000d8000000,0x00000000d84fc8f0,0x00000000d8500000)
  to   space 5120K, 0% used [0x00000000d8500000,0x00000000d8500000,0x00000000d8a00000)
 ParOldGen       total 87552K, used 2606K [0x0000000081e00000, 0x0000000087380000, 0x00000000d5f80000)
  object space 87552K, 2% used [0x0000000081e00000,0x000000008208bb08,0x0000000087380000)
 Metaspace       used 19968K, capacity 21138K, committed 21248K, reserved 1067008K
  class space    used 2712K, capacity 2973K, committed 3072K, reserved 1048576K
Event: 3.743 GC heap after
Heap after GC invocations=4 (full 0):
 PSYoungGen      total 38400K, used 5098K [0x00000000d5f80000, 0x00000000d8a00000, 0x0000000100000000)
  eden space 33280K, 0% used [0x00000000d5f80000,0x00000000d5f80000,0x00000000d8000000)
  from space 5120K, 99% used [0x00000000d8500000,0x00000000d89fab40,0x00000000d8a00000)
  to   space 5120K, 0% used [0x00000000d8000000,0x00000000d8000000,0x00000000d8500000)
 ParOldGen       total 87552K, used 4385K [0x0000000081e00000, 0x0000000087380000, 0x00000000d5f80000)
  object space 87552K, 5% used [0x0000000081e00000,0x00000000822486a0,0x0000000087380000)
 Metaspace       used 19968K, capacity 21138K, committed 21248K, reserved 1067008K
  class space    used 2712K, capacity 2973K, committed 3072K, reserved 1048576K
}
Event: 3.743 GC heap before
{Heap before GC invocations=5 (full 1):
 PSYoungGen      total 38400K, used 5098K [0x00000000d5f80000, 0x00000000d8a00000, 0x0000000100000000)
  eden space 33280K, 0% used [0x00000000d5f80000,0x00000000d5f80000,0x00000000d8000000)
  from space 5120K, 99% used [0x00000000d8500000,0x00000000d89fab40,0x00000000d8a00000)
  to   space 5120K, 0% used [0x00000000d8000000,0x00000000d8000000,0x00000000d8500000)
 ParOldGen       total 87552K, used 4385K [0x0000000081e00000, 0x0000000087380000, 0x00000000d5f80000)
  object space 87552K, 5% used [0x0000000081e00000,0x00000000822486a0,0x0000000087380000)
 Metaspace       used 19968K, capacity 21138K, committed 21248K, reserved 1067008K
  class space    used 2712K, capacity 2973K, committed 3072K, reserved 1048576K
Event: 3.796 GC heap after
Heap after GC invocations=5 (full 1):
 PSYoungGen      total 38400K, used 0K [0x00000000d5f80000, 0x00000000d8a00000, 0x0000000100000000)
  eden space 33280K, 0% used [0x00000000d5f80000,0x00000000d5f80000,0x00000000d8000000)
  from space 5120K, 0% used [0x00000000d8500000,0x00000000d8500000,0x00000000d8a00000)
  to   space 5120K, 0% used [0x00000000d8000000,0x00000000d8000000,0x00000000d8500000)
 ParOldGen       total 59904K, used 6679K [0x0000000081e00000, 0x0000000085880000, 0x00000000d5f80000)
  object space 59904K, 11% used [0x0000000081e00000,0x0000000082485df0,0x0000000085880000)
 Metaspace       used 19968K, capacity 21138K, committed 21248K, reserved 1067008K
  class space    used 2712K, capacity 2973K, committed 3072K, reserved 1048576K
}
Event: 4.365 GC heap before
{Heap before GC invocations=6 (full 1):
 PSYoungGen      total 38400K, used 33280K [0x00000000d5f80000, 0x00000000d8a00000, 0x0000000100000000)
  eden space 33280K, 100% used [0x00000000d5f80000,0x00000000d8000000,0x00000000d8000000)
  from space 5120K, 0% used [0x00000000d8500000,0x00000000d8500000,0x00000000d8a00000)
  to   space 5120K, 0% used [0x00000000d8000000,0x00000000d8000000,0x00000000d8500000)
 ParOldGen       total 59904K, used 6679K [0x0000000081e00000, 0x0000000085880000, 0x00000000d5f80000)
  object space 59904K, 11% used [0x0000000081e00000,0x0000000082485df0,0x0000000085880000)
 Metaspace       used 23802K, capacity 25182K, committed 25344K, reserved 1071104K
  class space    used 3162K, capacity 3475K, committed 3584K, reserved 1048576K
Event: 4.371 GC heap after
Heap after GC invocations=6 (full 1):
 PSYoungGen      total 38400K, used 4836K [0x00000000d5f80000, 0x00000000d9f80000, 0x0000000100000000)
  eden space 33280K, 0% used [0x00000000d5f80000,0x00000000d5f80000,0x00000000d8000000)
  from space 5120K, 94% used [0x00000000d8000000,0x00000000d84b92c0,0x00000000d8500000)
  to   space 8192K, 0% used [0x00000000d9780000,0x00000000d9780000,0x00000000d9f80000)
 ParOldGen       total 59904K, used 6687K [0x0000000081e00000, 0x0000000085880000, 0x00000000d5f80000)
  object space 59904K, 11% used [0x0000000081e00000,0x0000000082487df0,0x0000000085880000)
 Metaspace       used 23802K, capacity 25182K, committed 25344K, reserved 1071104K
  class space    used 3162K, capacity 3475K, committed 3584K, reserved 1048576K
}

