# JRE version: Java(TM) SE Runtime Environment (8.0_241-b07) (build 1.8.0_241-b07)
# Java VM: Java HotSpot(TM) 64-Bit Server VM (25.241-b07 mixed mode windows-amd64 compressed oops)
Heap:
 PSYoungGen      total 38400K, used 36632K [0x00000000d5f80000, 0x00000000da300000, 0x0000000100000000)
  eden space 33280K, 94% used [0x00000000d5f80000,0x00000000d7e56798,0x00000000d8000000)
  from space 5120K, 98% used [0x00000000d8000000,0x00000000d84efa30,0x00000000d8500000)
  to   space 8192K, 0% used [0x00000000d9b00000,0x00000000d9b00000,0x00000000da300000)
 ParOldGen       total 56832K, used 6678K [0x0000000081e00000, 0x0000000085580000, 0x00000000d5f80000)
  object space 56832K, 11% used [0x0000000081e00000,0x0000000082485b08,0x0000000085580000)
 Metaspace       used 25993K, capacity 27468K, committed 27648K, reserved 1073152K
  class space    used 3475K, capacity 3798K, committed 3840K, reserved 1048576K
GC Heap History (10 events):
Event: 2.532 GC heap before
{Heap before GC invocations=2 (full 0):
 PSYoungGen      total 38400K, used 38216K [0x00000000d5f80000, 0x00000000d8a00000, 0x0000000100000000)
  eden space 33280K, 100% used [0x00000000d5f80000,0x00000000d8000000,0x00000000d8000000)
  from space 5120K, 96% used [0x00000000d8000000,0x00000000d84d2318,0x00000000d8500000)
  to   space 5120K, 0% used [0x00000000d8500000,0x00000000d8500000,0x00000000d8a00000)
 ParOldGen       total 87552K, used 16K [0x0000000081e00000, 0x0000000087380000, 0x00000000d5f80000)
  object space 87552K, 0% used [0x0000000081e00000,0x0000000081e04000,0x0000000087380000)
 Metaspace       used 14178K, capacity 15176K, committed 15360K, reserved 1062912K
  class space    used 1796K, capacity 2006K, committed 2048K, reserved 1048576K
Event: 2.543 GC heap after
Heap after GC invocations=2 (full 0):
 PSYoungGen      total 38400K, used 5104K [0x00000000d5f80000, 0x00000000d8a00000, 0x0000000100000000)
  eden space 33280K, 0% used [0x00000000d5f80000,0x00000000d5f80000,0x00000000d8000000)
  from space 5120K, 99% used [0x00000000d8500000,0x00000000d89fc3d0,0x00000000d8a00000)
  to   space 5120K, 0% used [0x00000000d8000000,0x00000000d8000000,0x00000000d8500000)
 ParOldGen       total 87552K, used 736K [0x0000000081e00000, 0x0000000087380000, 0x00000000d5f80000)
  object space 87552K, 0% used [0x0000000081e00000,0x0000000081eb8348,0x0000000087380000)
 Metaspace       used 14178K, capacity 15176K, committed 15360K, reserved 1062912K
  class space    used 1796K, capacity 2006K, committed 2048K, reserved 1048576K
}
Event: 3.281 GC heap before
{Heap before GC invocations=3 (full 0):
 PSYoungGen      total 38400K, used 38384K [0x00000000d5f80000, 0x00000000d8a00000, 0x0000000100000000)
  eden space 33280K, 100% used [0x00000000d5f80000,0x00000000d8000000,0x00000000d8000000)
  from space 5120K, 99% used [0x00000000d8500000,0x00000000d89fc3d0,0x00000000d8a00000)
  to   space 5120K, 0% used [0x00000000d8000000,0x00000000d8000000,0x00000000d8500000)
 ParOldGen       total 87552K, used 736K [0x0000000081e00000, 0x0000000087380000, 0x00000000d5f80000)
  object space 87552K, 0% used [0x0000000081e00000,0x0000000081eb8348,0x0000000087380000)
 Metaspace       used 17831K, capacity 18972K, committed 19072K, reserved 1064960K
  class space    used 2388K, capacity 2622K, committed 2688K, reserved 1048576K
Event: 3.291 GC heap after
Heap after GC invocations=3 (full 0):
 PSYoungGen      total 38400K, used 5102K [0x00000000d5f80000, 0x00000000d8a00000, 0x0000000100000000)
  eden space 33280K, 0% used [0x00000000d5f80000,0x00000000d5f80000,0x00000000d8000000)
  from space 5120K, 99% used [0x00000000d8000000,0x00000000d84fb940,0x00000000d8500000)
  to   space 5120K, 0% used [0x00000000d8500000,0x00000000d8500000,0x00000000d8a00000)
 ParOldGen       total 87552K, used 2612K [0x0000000081e00000, 0x0000000087380000, 0x00000000d5f80000)
  object space 87552K, 2% used [0x0000000081e00000,0x000000008208d210,0x0000000087380000)
 Metaspace       used 17831K, capacity 18972K, committed 19072K, reserved 1064960K
  class space    used 2388K, capacity 2622K, committed 2688K, reserved 1048576K
}
Event: 3.617 GC heap before
{Heap before GC invocations=4 (full 0):
 PSYoungGen      total 38400K, used 27519K [0x00000000d5f80000, 0x00000000d8a00000, 0x0000000100000000)
  eden space 33280K, 67% used [0x00000000d5f80000,0x00000000d7564628,0x00000000d8000000)
  from space 5120K, 99% used [0x00000000d8000000,0x00000000d84fb940,0x00000000d8500000)
  to   space 5120K, 0% used [0x00000000d8500000,0x00000000d8500000,0x00000000d8a00000)
 ParOldGen       total 87552K, used 2612K [0x0000000081e00000, 0x0000000087380000, 0x00000000d5f80000)
  object space 87552K, 2% used [0x0000000081e00000,0x000000008208d210,0x0000000087380000)
 Metaspace       used 19921K, capacity 21120K, committed 21248K, reserved 1067008K
  class space    used 2705K, capacity 2982K, committed 3072K, reserved 1048576K
Event: 3.629 GC heap after
Heap after GC invocations=4 (full 0):
 PSYoungGen      total 38400K, used 5098K [0x00000000d5f80000, 0x00000000daa80000, 0x0000000100000000)
  eden space 33280K, 0% used [0x00000000d5f80000,0x00000000d5f80000,0x00000000d8000000)
  from space 5120K, 99% used [0x00000000d8500000,0x00000000d89fab40,0x00000000d8a00000)
  to   space 5120K, 0% used [0x00000000d8000000,0x00000000d8000000,0x00000000d8500000)
 ParOldGen       total 87552K, used 4426K [0x0000000081e00000, 0x0000000087380000, 0x00000000d5f80000)
  object space 87552K, 5% used [0x0000000081e00000,0x0000000082252a68,0x0000000087380000)
 Metaspace       used 19921K, capacity 21120K, committed 21248K, reserved 1067008K
  class space    used 2705K, capacity 2982K, committed 3072K, reserved 1048576K
}
Event: 3.629 GC heap before
{Heap before GC invocations=5 (full 1):
 PSYoungGen      total 38400K, used 5098K [0x00000000d5f80000, 0x00000000daa80000, 0x0000000100000000)
  eden space 33280K, 0% used [0x00000000d5f80000,0x00000000d5f80000,0x00000000d8000000)
  from space 5120K, 99% used [0x00000000d8500000,0x00000000d89fab40,0x00000000d8a00000)
  to   space 5120K, 0% used [0x00000000d8000000,0x00000000d8000000,0x00000000d8500000)
 ParOldGen       total 87552K, used 4426K [0x0000000081e00000, 0x0000000087380000, 0x00000000d5f80000)
  object space 87552K, 5% used [0x0000000081e00000,0x0000000082252a68,0x0000000087380000)
 Metaspace       used 19921K, capacity 21120K, committed 21248K, reserved 1067008K
  class space    used 2705K, capacity 2982K, committed 3072K, reserved 1048576K
Event: 3.666 GC heap after
Heap after GC invocations=5 (full 1):
 PSYoungGen      total 38400K, used 0K [0x00000000d5f80000, 0x00000000daa80000, 0x0000000100000000)
  eden space 33280K, 0% used [0x00000000d5f80000,0x00000000d5f80000,0x00000000d8000000)
  from space 5120K, 0% used [0x00000000d8500000,0x00000000d8500000,0x00000000d8a00000)
  to   space 5120K, 0% used [0x00000000d8000000,0x00000000d8000000,0x00000000d8500000)
 ParOldGen       total 56832K, used 6670K [0x0000000081e00000, 0x0000000085580000, 0x00000000d5f80000)
  object space 56832K, 11% used [0x0000000081e00000,0x0000000082483b08,0x0000000085580000)
 Metaspace       used 19921K, capacity 21120K, committed 21248K, reserved 1067008K
  class space    used 2705K, capacity 2982K, committed 3072K, reserved 1048576K
}
Event: 4.159 GC heap before
{Heap before GC invocations=6 (full 1):
 PSYoungGen      total 38400K, used 33280K [0x00000000d5f80000, 0x00000000daa80000, 0x0000000100000000)
  eden space 33280K, 100% used [0x00000000d5f80000,0x00000000d8000000,0x00000000d8000000)
  from space 5120K, 0% used [0x00000000d8500000,0x00000000d8500000,0x00000000d8a00000)
  to   space 5120K, 0% used [0x00000000d8000000,0x00000000d8000000,0x00000000d8500000)
 ParOldGen       total 56832K, used 6670K [0x0000000081e00000, 0x0000000085580000, 0x00000000d5f80000)
  object space 56832K, 11% used [0x0000000081e00000,0x0000000082483b08,0x0000000085580000)
 Metaspace       used 23888K, capacity 25258K, committed 25600K, reserved 1071104K
  class space    used 3169K, capacity 3477K, committed 3584K, reserved 1048576K
Event: 4.167 GC heap after
Heap after GC invocations=6 (full 1):
 PSYoungGen      total 38400K, used 5054K [0x00000000d5f80000, 0x00000000da300000, 0x0000000100000000)
  eden space 33280K, 0% used [0x00000000d5f80000,0x00000000d5f80000,0x00000000d8000000)
  from space 5120K, 98% used [0x00000000d8000000,0x00000000d84efa30,0x00000000d8500000)
  to   space 8192K, 0% used [0x00000000d9b00000,0x00000000d9b00000,0x00000000da300000)
 ParOldGen       total 56832K, used 6678K [0x0000000081e00000, 0x0000000085580000, 0x00000000d5f80000)
  object space 56832K, 11% used [0x0000000081e00000,0x0000000082485b08,0x0000000085580000)
 Metaspace       used 23888K, capacity 25258K, committed 25600K, reserved 1071104K
  class space    used 3169K, capacity 3477K, committed 3584K, reserved 1048576K
}

