# JRE version: Java(TM) SE Runtime Environment (8.0_241-b07) (build 1.8.0_241-b07)
# Java VM: Java HotSpot(TM) 64-Bit Server VM (25.241-b07 mixed mode windows-amd64 compressed oops)
Heap:
 PSYoungGen      total 145408K, used 104979K [0x00000000d5f80000, 0x00000000e7c80000, 0x0000000100000000)
  eden space 132608K, 79% used [0x00000000d5f80000,0x00000000dc604ea0,0x00000000de100000)
  from space 12800K, 0% used [0x00000000de100000,0x00000000de100000,0x00000000ded80000)
  to   space 13312K, 0% used [0x00000000e6f80000,0x00000000e6f80000,0x00000000e7c80000)
 ParOldGen       total 76800K, used 19417K [0x0000000081e00000, 0x0000000086900000, 0x00000000d5f80000)
  object space 76800K, 25% used [0x0000000081e00000,0x00000000830f6468,0x0000000086900000)
 Metaspace       used 27343K, capacity 28040K, committed 28288K, reserved 1075200K
  class space    used 3225K, capacity 3432K, committed 3456K, reserved 1048576K
GC Heap History (10 events):
Event: 5.404 GC heap before
{Heap before GC invocations=4 (full 0):
 PSYoungGen      total 38400K, used 38380K [0x00000000d5f80000, 0x00000000daa80000, 0x0000000100000000)
  eden space 33280K, 100% used [0x00000000d5f80000,0x00000000d8000000,0x00000000d8000000)
  from space 5120K, 99% used [0x00000000d8000000,0x00000000d84fb018,0x00000000d8500000)
  to   space 5120K, 0% used [0x00000000da580000,0x00000000da580000,0x00000000daa80000)
 ParOldGen       total 87552K, used 2404K [0x0000000081e00000, 0x0000000087380000, 0x00000000d5f80000)
  object space 87552K, 2% used [0x0000000081e00000,0x0000000082059348,0x0000000087380000)
 Metaspace       used 15595K, capacity 15944K, committed 16128K, reserved 1062912K
  class space    used 1889K, capacity 2011K, committed 2048K, reserved 1048576K
Event: 5.417 GC heap after
Heap after GC invocations=4 (full 0):
 PSYoungGen      total 71680K, used 5088K [0x00000000d5f80000, 0x00000000daa80000, 0x0000000100000000)
  eden space 66560K, 0% used [0x00000000d5f80000,0x00000000d5f80000,0x00000000da080000)
  from space 5120K, 99% used [0x00000000da580000,0x00000000daa78040,0x00000000daa80000)
  to   space 5120K, 0% used [0x00000000da080000,0x00000000da080000,0x00000000da580000)
 ParOldGen       total 87552K, used 6261K [0x0000000081e00000, 0x0000000087380000, 0x00000000d5f80000)
  object space 87552K, 7% used [0x0000000081e00000,0x000000008241d5c8,0x0000000087380000)
 Metaspace       used 15595K, capacity 15944K, committed 16128K, reserved 1062912K
  class space    used 1889K, capacity 2011K, committed 2048K, reserved 1048576K
}
Event: 6.829 GC heap before
{Heap before GC invocations=5 (full 0):
 PSYoungGen      total 71680K, used 71648K [0x00000000d5f80000, 0x00000000daa80000, 0x0000000100000000)
  eden space 66560K, 100% used [0x00000000d5f80000,0x00000000da080000,0x00000000da080000)
  from space 5120K, 99% used [0x00000000da580000,0x00000000daa78040,0x00000000daa80000)
  to   space 5120K, 0% used [0x00000000da080000,0x00000000da080000,0x00000000da580000)
 ParOldGen       total 87552K, used 6261K [0x0000000081e00000, 0x0000000087380000, 0x00000000d5f80000)
  object space 87552K, 7% used [0x0000000081e00000,0x000000008241d5c8,0x0000000087380000)
 Metaspace       used 16042K, capacity 16376K, committed 16640K, reserved 1064960K
  class space    used 1916K, capacity 2019K, committed 2048K, reserved 1048576K
Event: 6.846 GC heap after
Heap after GC invocations=5 (full 0):
 PSYoungGen      total 71680K, used 5104K [0x00000000d5f80000, 0x00000000df980000, 0x0000000100000000)
  eden space 66560K, 0% used [0x00000000d5f80000,0x00000000d5f80000,0x00000000da080000)
  from space 5120K, 99% used [0x00000000da080000,0x00000000da57c030,0x00000000da580000)
  to   space 12288K, 0% used [0x00000000ded80000,0x00000000ded80000,0x00000000df980000)
 ParOldGen       total 87552K, used 12261K [0x0000000081e00000, 0x0000000087380000, 0x00000000d5f80000)
  object space 87552K, 14% used [0x0000000081e00000,0x00000000829f9668,0x0000000087380000)
 Metaspace       used 16042K, capacity 16376K, committed 16640K, reserved 1064960K
  class space    used 1916K, capacity 2019K, committed 2048K, reserved 1048576K
}
Event: 8.375 GC heap before
{Heap before GC invocations=6 (full 0):
 PSYoungGen      total 71680K, used 71664K [0x00000000d5f80000, 0x00000000df980000, 0x0000000100000000)
  eden space 66560K, 100% used [0x00000000d5f80000,0x00000000da080000,0x00000000da080000)
  from space 5120K, 99% used [0x00000000da080000,0x00000000da57c030,0x00000000da580000)
  to   space 12288K, 0% used [0x00000000ded80000,0x00000000ded80000,0x00000000df980000)
 ParOldGen       total 87552K, used 12261K [0x0000000081e00000, 0x0000000087380000, 0x00000000d5f80000)
  object space 87552K, 14% used [0x0000000081e00000,0x00000000829f9668,0x0000000087380000)
 Metaspace       used 17030K, capacity 17414K, committed 17536K, reserved 1064960K
  class space    used 2009K, capacity 2126K, committed 2176K, reserved 1048576K
Event: 8.401 GC heap after
Heap after GC invocations=6 (full 0):
 PSYoungGen      total 144896K, used 9792K [0x00000000d5f80000, 0x00000000dfa80000, 0x0000000100000000)
  eden space 132608K, 0% used [0x00000000d5f80000,0x00000000d5f80000,0x00000000de100000)
  from space 12288K, 79% used [0x00000000ded80000,0x00000000df710040,0x00000000df980000)
  to   space 12800K, 0% used [0x00000000de100000,0x00000000de100000,0x00000000ded80000)
 ParOldGen       total 87552K, used 12269K [0x0000000081e00000, 0x0000000087380000, 0x00000000d5f80000)
  object space 87552K, 14% used [0x0000000081e00000,0x00000000829fb668,0x0000000087380000)
 Metaspace       used 17030K, capacity 17414K, committed 17536K, reserved 1064960K
  class space    used 2009K, capacity 2126K, committed 2176K, reserved 1048576K
}
Event: 9.513 GC heap before
{Heap before GC invocations=7 (full 0):
 PSYoungGen      total 144896K, used 52259K [0x00000000d5f80000, 0x00000000dfa80000, 0x0000000100000000)
  eden space 132608K, 32% used [0x00000000d5f80000,0x00000000d88f8f38,0x00000000de100000)
  from space 12288K, 79% used [0x00000000ded80000,0x00000000df710040,0x00000000df980000)
  to   space 12800K, 0% used [0x00000000de100000,0x00000000de100000,0x00000000ded80000)
 ParOldGen       total 87552K, used 12269K [0x0000000081e00000, 0x0000000087380000, 0x00000000d5f80000)
  object space 87552K, 14% used [0x0000000081e00000,0x00000000829fb668,0x0000000087380000)
 Metaspace       used 20652K, capacity 21138K, committed 21296K, reserved 1069056K
  class space    used 2467K, capacity 2624K, committed 2688K, reserved 1048576K
Event: 9.538 GC heap after
Heap after GC invocations=7 (full 0):
 PSYoungGen      total 145408K, used 10255K [0x00000000d5f80000, 0x00000000e7c80000, 0x0000000100000000)
  eden space 132608K, 0% used [0x00000000d5f80000,0x00000000d5f80000,0x00000000de100000)
  from space 12800K, 80% used [0x00000000de100000,0x00000000deb03e38,0x00000000ded80000)
  to   space 13312K, 0% used [0x00000000e6f80000,0x00000000e6f80000,0x00000000e7c80000)
 ParOldGen       total 87552K, used 13825K [0x0000000081e00000, 0x0000000087380000, 0x00000000d5f80000)
  object space 87552K, 15% used [0x0000000081e00000,0x0000000082b80718,0x0000000087380000)
 Metaspace       used 20652K, capacity 21138K, committed 21296K, reserved 1069056K
  class space    used 2467K, capacity 2624K, committed 2688K, reserved 1048576K
}
Event: 9.538 GC heap before
{Heap before GC invocations=8 (full 1):
 PSYoungGen      total 145408K, used 10255K [0x00000000d5f80000, 0x00000000e7c80000, 0x0000000100000000)
  eden space 132608K, 0% used [0x00000000d5f80000,0x00000000d5f80000,0x00000000de100000)
  from space 12800K, 80% used [0x00000000de100000,0x00000000deb03e38,0x00000000ded80000)
  to   space 13312K, 0% used [0x00000000e6f80000,0x00000000e6f80000,0x00000000e7c80000)
 ParOldGen       total 87552K, used 13825K [0x0000000081e00000, 0x0000000087380000, 0x00000000d5f80000)
  object space 87552K, 15% used [0x0000000081e00000,0x0000000082b80718,0x0000000087380000)
 Metaspace       used 20652K, capacity 21138K, committed 21296K, reserved 1069056K
  class space    used 2467K, capacity 2624K, committed 2688K, reserved 1048576K
Event: 9.688 GC heap after
Heap after GC invocations=8 (full 1):
 PSYoungGen      total 145408K, used 0K [0x00000000d5f80000, 0x00000000e7c80000, 0x0000000100000000)
  eden space 132608K, 0% used [0x00000000d5f80000,0x00000000d5f80000,0x00000000de100000)
  from space 12800K, 0% used [0x00000000de100000,0x00000000de100000,0x00000000ded80000)
  to   space 13312K, 0% used [0x00000000e6f80000,0x00000000e6f80000,0x00000000e7c80000)
 ParOldGen       total 76800K, used 19417K [0x0000000081e00000, 0x0000000086900000, 0x00000000d5f80000)
  object space 76800K, 25% used [0x0000000081e00000,0x00000000830f6468,0x0000000086900000)
 Metaspace       used 20652K, capacity 21138K, committed 21296K, reserved 1069056K
  class space    used 2467K, capacity 2624K, committed 2688K, reserved 1048576K
}

