# JRE version: Java(TM) SE Runtime Environment (8.0_241-b07) (build 1.8.0_241-b07)
# Java VM: Java HotSpot(TM) 64-Bit Server VM (25.241-b07 mixed mode windows-amd64 compressed oops)
Heap:
 PSYoungGen      total 115712K, used 60236K [0x00000000d5f80000, 0x00000000dda80000, 0x0000000100000000)
  eden space 106496K, 49% used [0x00000000d5f80000,0x00000000d9280110,0x00000000dc780000)
  from space 9216K, 86% used [0x00000000dd100000,0x00000000dd8d3068,0x00000000dda00000)
  to   space 9728K, 0% used [0x00000000dc780000,0x00000000dc780000,0x00000000dd100000)
 ParOldGen       total 55296K, used 9817K [0x0000000081e00000, 0x0000000085400000, 0x00000000d5f80000)
  object space 55296K, 17% used [0x0000000081e00000,0x0000000082796520,0x0000000085400000)
 Metaspace       used 31198K, capacity 33538K, committed 33664K, reserved 1079296K
  class space    used 4203K, capacity 4629K, committed 4736K, reserved 1048576K
GC Heap History (10 events):
Event: 3.359 GC heap before
{Heap before GC invocations=3 (full 0):
 PSYoungGen      total 38400K, used 38375K [0x00000000d5f80000, 0x00000000daa80000, 0x0000000100000000)
  eden space 33280K, 100% used [0x00000000d5f80000,0x00000000d8000000,0x00000000d8000000)
  from space 5120K, 99% used [0x00000000d8500000,0x00000000d89f9e28,0x00000000d8a00000)
  to   space 5120K, 0% used [0x00000000d8000000,0x00000000d8000000,0x00000000d8500000)
 ParOldGen       total 87552K, used 826K [0x0000000081e00000, 0x0000000087380000, 0x00000000d5f80000)
  object space 87552K, 0% used [0x0000000081e00000,0x0000000081ece848,0x0000000087380000)
 Metaspace       used 17981K, capacity 19104K, committed 19328K, reserved 1067008K
  class space    used 2403K, capacity 2624K, committed 2688K, reserved 1048576K
Event: 3.366 GC heap after
Heap after GC invocations=3 (full 0):
 PSYoungGen      total 38400K, used 5111K [0x00000000d5f80000, 0x00000000daa80000, 0x0000000100000000)
  eden space 33280K, 0% used [0x00000000d5f80000,0x00000000d5f80000,0x00000000d8000000)
  from space 5120K, 99% used [0x00000000d8000000,0x00000000d84fdf28,0x00000000d8500000)
  to   space 5120K, 0% used [0x00000000da580000,0x00000000da580000,0x00000000daa80000)
 ParOldGen       total 87552K, used 2678K [0x0000000081e00000, 0x0000000087380000, 0x00000000d5f80000)
  object space 87552K, 3% used [0x0000000081e00000,0x000000008209daa0,0x0000000087380000)
 Metaspace       used 17981K, capacity 19104K, committed 19328K, reserved 1067008K
  class space    used 2403K, capacity 2624K, committed 2688K, reserved 1048576K
}
Event: 3.644 GC heap before
{Heap before GC invocations=4 (full 0):
 PSYoungGen      total 38400K, used 26342K [0x00000000d5f80000, 0x00000000daa80000, 0x0000000100000000)
  eden space 33280K, 63% used [0x00000000d5f80000,0x00000000d743bc68,0x00000000d8000000)
  from space 5120K, 99% used [0x00000000d8000000,0x00000000d84fdf28,0x00000000d8500000)
  to   space 5120K, 0% used [0x00000000da580000,0x00000000da580000,0x00000000daa80000)
 ParOldGen       total 87552K, used 2678K [0x0000000081e00000, 0x0000000087380000, 0x00000000d5f80000)
  object space 87552K, 3% used [0x0000000081e00000,0x000000008209daa0,0x0000000087380000)
 Metaspace       used 19852K, capacity 21104K, committed 21248K, reserved 1067008K
  class space    used 2704K, capacity 2980K, committed 3072K, reserved 1048576K
Event: 3.652 GC heap after
Heap after GC invocations=4 (full 0):
 PSYoungGen      total 71680K, used 5098K [0x00000000d5f80000, 0x00000000daa80000, 0x0000000100000000)
  eden space 66560K, 0% used [0x00000000d5f80000,0x00000000d5f80000,0x00000000da080000)
  from space 5120K, 99% used [0x00000000da580000,0x00000000daa7ab58,0x00000000daa80000)
  to   space 5120K, 0% used [0x00000000da080000,0x00000000da080000,0x00000000da580000)
 ParOldGen       total 87552K, used 4217K [0x0000000081e00000, 0x0000000087380000, 0x00000000d5f80000)
  object space 87552K, 4% used [0x0000000081e00000,0x000000008221e460,0x0000000087380000)
 Metaspace       used 19852K, capacity 21104K, committed 21248K, reserved 1067008K
  class space    used 2704K, capacity 2980K, committed 3072K, reserved 1048576K
}
Event: 3.652 GC heap before
{Heap before GC invocations=5 (full 1):
 PSYoungGen      total 71680K, used 5098K [0x00000000d5f80000, 0x00000000daa80000, 0x0000000100000000)
  eden space 66560K, 0% used [0x00000000d5f80000,0x00000000d5f80000,0x00000000da080000)
  from space 5120K, 99% used [0x00000000da580000,0x00000000daa7ab58,0x00000000daa80000)
  to   space 5120K, 0% used [0x00000000da080000,0x00000000da080000,0x00000000da580000)
 ParOldGen       total 87552K, used 4217K [0x0000000081e00000, 0x0000000087380000, 0x00000000d5f80000)
  object space 87552K, 4% used [0x0000000081e00000,0x000000008221e460,0x0000000087380000)
 Metaspace       used 19852K, capacity 21104K, committed 21248K, reserved 1067008K
  class space    used 2704K, capacity 2980K, committed 3072K, reserved 1048576K
Event: 3.687 GC heap after
Heap after GC invocations=5 (full 1):
 PSYoungGen      total 71680K, used 0K [0x00000000d5f80000, 0x00000000daa80000, 0x0000000100000000)
  eden space 66560K, 0% used [0x00000000d5f80000,0x00000000d5f80000,0x00000000da080000)
  from space 5120K, 0% used [0x00000000da580000,0x00000000da580000,0x00000000daa80000)
  to   space 5120K, 0% used [0x00000000da080000,0x00000000da080000,0x00000000da580000)
 ParOldGen       total 55296K, used 6465K [0x0000000081e00000, 0x0000000085400000, 0x00000000d5f80000)
  object space 55296K, 11% used [0x0000000081e00000,0x0000000082450608,0x0000000085400000)
 Metaspace       used 19852K, capacity 21104K, committed 21248K, reserved 1067008K
  class space    used 2704K, capacity 2980K, committed 3072K, reserved 1048576K
}
Event: 5.202 GC heap before
{Heap before GC invocations=6 (full 1):
 PSYoungGen      total 71680K, used 66560K [0x00000000d5f80000, 0x00000000daa80000, 0x0000000100000000)
  eden space 66560K, 100% used [0x00000000d5f80000,0x00000000da080000,0x00000000da080000)
  from space 5120K, 0% used [0x00000000da580000,0x00000000da580000,0x00000000daa80000)
  to   space 5120K, 0% used [0x00000000da080000,0x00000000da080000,0x00000000da580000)
 ParOldGen       total 55296K, used 6465K [0x0000000081e00000, 0x0000000085400000, 0x00000000d5f80000)
  object space 55296K, 11% used [0x0000000081e00000,0x0000000082450608,0x0000000085400000)
 Metaspace       used 26026K, capacity 27536K, committed 27648K, reserved 1073152K
  class space    used 3481K, capacity 3798K, committed 3840K, reserved 1048576K
Event: 5.220 GC heap after
Heap after GC invocations=6 (full 1):
 PSYoungGen      total 71680K, used 5095K [0x00000000d5f80000, 0x00000000dda00000, 0x0000000100000000)
  eden space 66560K, 0% used [0x00000000d5f80000,0x00000000d5f80000,0x00000000da080000)
  from space 5120K, 99% used [0x00000000da080000,0x00000000da579ed8,0x00000000da580000)
  to   space 9216K, 0% used [0x00000000dd100000,0x00000000dd100000,0x00000000dda00000)
 ParOldGen       total 55296K, used 9817K [0x0000000081e00000, 0x0000000085400000, 0x00000000d5f80000)
  object space 55296K, 17% used [0x0000000081e00000,0x0000000082796520,0x0000000085400000)
 Metaspace       used 26026K, capacity 27536K, committed 27648K, reserved 1073152K
  class space    used 3481K, capacity 3798K, committed 3840K, reserved 1048576K
}
Event: 6.640 GC heap before
{Heap before GC invocations=7 (full 1):
 PSYoungGen      total 71680K, used 71655K [0x00000000d5f80000, 0x00000000dda00000, 0x0000000100000000)
  eden space 66560K, 100% used [0x00000000d5f80000,0x00000000da080000,0x00000000da080000)
  from space 5120K, 99% used [0x00000000da080000,0x00000000da579ed8,0x00000000da580000)
  to   space 9216K, 0% used [0x00000000dd100000,0x00000000dd100000,0x00000000dda00000)
 ParOldGen       total 55296K, used 9817K [0x0000000081e00000, 0x0000000085400000, 0x00000000d5f80000)
  object space 55296K, 17% used [0x0000000081e00000,0x0000000082796520,0x0000000085400000)
 Metaspace       used 29768K, capacity 31870K, committed 32128K, reserved 1077248K
  class space    used 3998K, capacity 4385K, committed 4480K, reserved 1048576K
Event: 6.659 GC heap after
Heap after GC invocations=7 (full 1):
 PSYoungGen      total 115712K, used 8012K [0x00000000d5f80000, 0x00000000dda80000, 0x0000000100000000)
  eden space 106496K, 0% used [0x00000000d5f80000,0x00000000d5f80000,0x00000000dc780000)
  from space 9216K, 86% used [0x00000000dd100000,0x00000000dd8d3068,0x00000000dda00000)
  to   space 9728K, 0% used [0x00000000dc780000,0x00000000dc780000,0x00000000dd100000)
 ParOldGen       total 55296K, used 9817K [0x0000000081e00000, 0x0000000085400000, 0x00000000d5f80000)
  object space 55296K, 17% used [0x0000000081e00000,0x0000000082796520,0x0000000085400000)
 Metaspace       used 29768K, capacity 31870K, committed 32128K, reserved 1077248K
  class space    used 3998K, capacity 4385K, committed 4480K, reserved 1048576K
}

